# JRE version: OpenJDK Runtime Environment Microsoft-7208460 (11.0.18+10) (build 11.0.18+10-LTS)
# Java VM: OpenJDK 64-Bit Server VM Microsoft-7208460 (11.0.18+10-LTS, mixed mode, tiered, compressed oops, g1 gc, windows-amd64)
Heap:
 garbage-first heap   total 229376K, used 128802K [0x0000000720c00000, 0x0000000800000000)
  region size 1024K, 72 young (73728K), 10 survivors (10240K)
 Metaspace       used 70217K, capacity 71147K, committed 71376K, reserved 1112064K
  class space    used 7688K, capacity 8055K, committed 8188K, reserved 1048576K
GC Heap History (18 events):
Event: 2.175 GC heap before
{Heap before GC invocations=0 (full 0):
 garbage-first heap   total 229376K, used 27648K [0x0000000720c00000, 0x0000000800000000)
  region size 1024K, 24 young (24576K), 0 survivors (0K)
 Metaspace       used 12404K, capacity 12504K, committed 12800K, reserved 1060864K
  class space    used 1150K, capacity 1207K, committed 1280K, reserved 1048576K
}
Event: 2.181 GC heap after
{Heap after GC invocations=1 (full 0):
 garbage-first heap   total 229376K, used 5823K [0x0000000720c00000, 0x0000000800000000)
  region size 1024K, 3 young (3072K), 3 survivors (3072K)
 Metaspace       used 12404K, capacity 12504K, committed 12800K, reserved 1060864K
  class space    used 1150K, capacity 1207K, committed 1280K, reserved 1048576K
}
Event: 3.826 GC heap before
{Heap before GC invocations=1 (full 0):
 garbage-first heap   total 229376K, used 41663K [0x0000000720c00000, 0x0000000800000000)
  region size 1024K, 39 young (39936K), 3 survivors (3072K)
 Metaspace       used 21031K, capacity 21182K, committed 21248K, reserved 1069056K
  class space    used 2213K, capacity 2280K, committed 2304K, reserved 1048576K
}
Event: 3.844 GC heap after
{Heap after GC invocations=2 (full 0):
 garbage-first heap   total 229376K, used 9353K [0x0000000720c00000, 0x0000000800000000)
  region size 1024K, 7 young (7168K), 7 survivors (7168K)
 Metaspace       used 21031K, capacity 21182K, committed 21248K, reserved 1069056K
  class space    used 2213K, capacity 2280K, committed 2304K, reserved 1048576K
}
Event: 8.809 GC heap before
{Heap before GC invocations=3 (full 0):
 garbage-first heap   total 229376K, used 64649K [0x0000000720c00000, 0x0000000800000000)
  region size 1024K, 56 young (57344K), 7 survivors (7168K)
 Metaspace       used 32923K, capacity 33375K, committed 33532K, reserved 1079296K
  class space    used 4065K, capacity 4246K, committed 4348K, reserved 1048576K
}
Event: 8.823 GC heap after
{Heap after GC invocations=4 (full 0):
 garbage-first heap   total 229376K, used 20865K [0x0000000720c00000, 0x0000000800000000)
  region size 1024K, 7 young (7168K), 7 survivors (7168K)
 Metaspace       used 32923K, capacity 33375K, committed 33532K, reserved 1079296K
  class space    used 4065K, capacity 4246K, committed 4348K, reserved 1048576K
}
Event: 9.205 GC heap before
{Heap before GC invocations=4 (full 0):
 garbage-first heap   total 229376K, used 24961K [0x0000000720c00000, 0x0000000800000000)
  region size 1024K, 11 young (11264K), 7 survivors (7168K)
 Metaspace       used 34188K, capacity 34591K, committed 34940K, reserved 1079296K
  class space    used 4201K, capacity 4374K, committed 4476K, reserved 1048576K
}
Event: 9.215 GC heap after
{Heap after GC invocations=5 (full 0):
 garbage-first heap   total 229376K, used 22207K [0x0000000720c00000, 0x0000000800000000)
  region size 1024K, 1 young (1024K), 1 survivors (1024K)
 Metaspace       used 34188K, capacity 34591K, committed 34940K, reserved 1079296K
  class space    used 4201K, capacity 4374K, committed 4476K, reserved 1048576K
}
Event: 9.980 GC heap before
{Heap before GC invocations=5 (full 0):
 garbage-first heap   total 229376K, used 29375K [0x0000000720c00000, 0x0000000800000000)
  region size 1024K, 9 young (9216K), 1 survivors (1024K)
 Metaspace       used 35460K, capacity 35882K, committed 36048K, reserved 1081344K
  class space    used 4332K, capacity 4506K, committed 4604K, reserved 1048576K
}
Event: 9.982 GC heap after
{Heap after GC invocations=6 (full 0):
 garbage-first heap   total 229376K, used 20680K [0x0000000720c00000, 0x0000000800000000)
  region size 1024K, 2 young (2048K), 2 survivors (2048K)
 Metaspace       used 35460K, capacity 35882K, committed 36048K, reserved 1081344K
  class space    used 4332K, capacity 4506K, committed 4604K, reserved 1048576K
}
Event: 17.809 GC heap before
{Heap before GC invocations=7 (full 0):
 garbage-first heap   total 229376K, used 108744K [0x0000000720c00000, 0x0000000800000000)
  region size 1024K, 85 young (87040K), 2 survivors (2048K)
 Metaspace       used 48843K, capacity 49359K, committed 49744K, reserved 1093632K
  class space    used 5636K, capacity 5869K, committed 6012K, reserved 1048576K
}
Event: 17.824 GC heap after
{Heap after GC invocations=8 (full 0):
 garbage-first heap   total 229376K, used 32618K [0x0000000720c00000, 0x0000000800000000)
  region size 1024K, 11 young (11264K), 11 survivors (11264K)
 Metaspace       used 48843K, capacity 49359K, committed 49744K, reserved 1093632K
  class space    used 5636K, capacity 5869K, committed 6012K, reserved 1048576K
}
Event: 24.060 GC heap before
{Heap before GC invocations=8 (full 0):
 garbage-first heap   total 229376K, used 103274K [0x0000000720c00000, 0x0000000800000000)
  region size 1024K, 81 young (82944K), 11 survivors (11264K)
 Metaspace       used 59666K, capacity 60435K, committed 60496K, reserved 1101824K
  class space    used 6912K, capacity 7237K, committed 7292K, reserved 1048576K
}
Event: 24.131 GC heap after
{Heap after GC invocations=9 (full 0):
 garbage-first heap   total 229376K, used 41005K [0x0000000720c00000, 0x0000000800000000)
  region size 1024K, 9 young (9216K), 9 survivors (9216K)
 Metaspace       used 59666K, capacity 60435K, committed 60496K, reserved 1101824K
  class space    used 6912K, capacity 7237K, committed 7292K, reserved 1048576K
}
Event: 28.734 GC heap before
{Heap before GC invocations=10 (full 0):
 garbage-first heap   total 229376K, used 131117K [0x0000000720c00000, 0x0000000800000000)
  region size 1024K, 97 young (99328K), 9 survivors (9216K)
 Metaspace       used 63471K, capacity 64266K, committed 64464K, reserved 1105920K
  class space    used 7219K, capacity 7552K, committed 7676K, reserved 1048576K
}
Event: 28.763 GC heap after
{Heap after GC invocations=11 (full 0):
 garbage-first heap   total 229376K, used 54109K [0x0000000720c00000, 0x0000000800000000)
  region size 1024K, 13 young (13312K), 13 survivors (13312K)
 Metaspace       used 63471K, capacity 64266K, committed 64464K, reserved 1105920K
  class space    used 7219K, capacity 7552K, committed 7676K, reserved 1048576K
}
Event: 44.110 GC heap before
{Heap before GC invocations=11 (full 0):
 garbage-first heap   total 229376K, used 148317K [0x0000000720c00000, 0x0000000800000000)
  region size 1024K, 102 young (104448K), 13 survivors (13312K)
 Metaspace       used 69191K, capacity 70107K, committed 70224K, reserved 1112064K
  class space    used 7633K, capacity 7988K, committed 8060K, reserved 1048576K
}
Event: 44.138 GC heap after
{Heap after GC invocations=12 (full 0):
 garbage-first heap   total 229376K, used 66338K [0x0000000720c00000, 0x0000000800000000)
  region size 1024K, 10 young (10240K), 10 survivors (10240K)
 Metaspace       used 69191K, capacity 70107K, committed 70224K, reserved 1112064K
  class space    used 7633K, capacity 7988K, committed 8060K, reserved 1048576K
}

